<?xml version="1.0" encoding="UTF-8"?>
<!-- Generated by org.testng.reporters.JUnitReportReporter -->
<testsuite hostname="Gurdeeps-MacBook-Air.local" failures="0" tests="1" name="com.testcase.AddPlace" time="3.040" errors="0" timestamp="2021-07-13T12:43:42 IST" skipped="0">
  <testcase classname="com.testcase.AddPlace" name="test1" time="3.040"/>
  <system-out/>
</testsuite> <!-- com.testcase.AddPlace -->
