<?xml version="1.0" encoding="UTF-8"?>
<!-- Generated by org.testng.reporters.JUnitReportReporter -->
<testsuite ignored="0" hostname="DESKTOP-9QVACFT" failures="0" tests="1" name="com.testcase.AddPlace" time="3.372" errors="0" timestamp="13 Jul 2021 13:37:59 GMT" skipped="0">
  <testcase classname="com.testcase.AddPlace" name="test1" time="3.372"/>
</testsuite> <!-- com.testcase.AddPlace -->
